<?xml version="1.0" encoding="UTF-8"?>
<!-- Generated by org.testng.reporters.JUnitReportReporter -->
<testsuite hostname="DESKTOP-OVKRG4S" failures="0" tests="2" name="tests.PRacticeTestclss" time="0.022" errors="0" timestamp="2022-02-17T20:51:55 IST" skipped="0">
  <testcase classname="tests.PRacticeTestclss" name="secondTest" time="0.018"/>
  <system-out/>
  <testcase classname="tests.PRacticeTestclss" name="tsstClass" time="0.004"/>
  <system-out/>
</testsuite> <!-- tests.PRacticeTestclss -->
